[02-Jan-2026 15:00:57 Europe/Berlin] PHP Notice:  session_start(): Ignoring session_start() because a session is already active in C:\xampp\htdocs\MaBagnole\includes\header.php on line 2
[02-Jan-2026 15:01:45 Europe/Berlin] PHP Notice:  session_start(): Ignoring session_start() because a session is already active in C:\xampp\htdocs\MaBagnole\includes\header.php on line 2
[02-Jan-2026 15:03:28 Europe/Berlin] PHP Notice:  session_start(): Ignoring session_start() because a session is already active in C:\xampp\htdocs\MaBagnole\includes\header.php on line 2
[02-Jan-2026 21:43:56 Europe/Berlin] PHP Notice:  session_start(): Ignoring session_start() because a session is already active in C:\xampp\htdocs\MaBagnole\includes\header.php on line 2
[02-Jan-2026 21:50:47 Europe/Berlin] PHP Notice:  session_start(): Ignoring session_start() because a session is already active in C:\xampp\htdocs\MaBagnole\includes\header.php on line 2
[02-Jan-2026 21:50:50 Europe/Berlin] PHP Notice:  session_start(): Ignoring session_start() because a session is already active in C:\xampp\htdocs\MaBagnole\includes\header.php on line 2
[02-Jan-2026 22:19:02 Europe/Berlin] PHP Notice:  session_start(): Ignoring session_start() because a session is already active in C:\xampp\htdocs\MaBagnole\includes\header.php on line 2
[02-Jan-2026 22:22:43 Europe/Berlin] PHP Notice:  session_start(): Ignoring session_start() because a session is already active in C:\xampp\htdocs\MaBagnole\includes\header.php on line 2
[03-Jan-2026 12:00:42 Europe/Berlin] PHP Notice:  session_start(): Ignoring session_start() because a session is already active in C:\xampp\htdocs\MaBagnole\includes\header.php on line 2
[03-Jan-2026 12:00:43 Europe/Berlin] PHP Notice:  session_start(): Ignoring session_start() because a session is already active in C:\xampp\htdocs\MaBagnole\includes\header.php on line 2
[03-Jan-2026 12:00:48 Europe/Berlin] PHP Notice:  session_start(): Ignoring session_start() because a session is already active in C:\xampp\htdocs\MaBagnole\includes\header.php on line 2
[03-Jan-2026 12:19:44 Europe/Berlin] PHP Notice:  session_start(): Ignoring session_start() because a session is already active in C:\xampp\htdocs\MaBagnole\includes\header.php on line 2
[03-Jan-2026 12:31:27 Europe/Berlin] PHP Fatal error:  Uncaught PDOException: SQLSTATE[HY093]: Invalid parameter number: number of bound variables does not match number of tokens in C:\xampp\htdocs\MaBagnole\classes\Vehicle.php:107
Stack trace:
#0 C:\xampp\htdocs\MaBagnole\classes\Vehicle.php(107): PDOStatement->execute(Array)
#1 C:\xampp\htdocs\MaBagnole\public\vehiculeListing.php(32): Vehicle::filter(Array)
#2 {main}
  thrown in C:\xampp\htdocs\MaBagnole\classes\Vehicle.php on line 107
[03-Jan-2026 12:31:29 Europe/Berlin] PHP Fatal error:  Uncaught PDOException: SQLSTATE[HY093]: Invalid parameter number: number of bound variables does not match number of tokens in C:\xampp\htdocs\MaBagnole\classes\Vehicle.php:107
Stack trace:
#0 C:\xampp\htdocs\MaBagnole\classes\Vehicle.php(107): PDOStatement->execute(Array)
#1 C:\xampp\htdocs\MaBagnole\public\vehiculeListing.php(32): Vehicle::filter(Array)
#2 {main}
  thrown in C:\xampp\htdocs\MaBagnole\classes\Vehicle.php on line 107
[03-Jan-2026 12:31:31 Europe/Berlin] PHP Fatal error:  Uncaught PDOException: SQLSTATE[HY093]: Invalid parameter number: number of bound variables does not match number of tokens in C:\xampp\htdocs\MaBagnole\classes\Vehicle.php:107
Stack trace:
#0 C:\xampp\htdocs\MaBagnole\classes\Vehicle.php(107): PDOStatement->execute(Array)
#1 C:\xampp\htdocs\MaBagnole\public\vehiculeListing.php(32): Vehicle::filter(Array)
#2 {main}
  thrown in C:\xampp\htdocs\MaBagnole\classes\Vehicle.php on line 107
[03-Jan-2026 12:31:32 Europe/Berlin] PHP Fatal error:  Uncaught PDOException: SQLSTATE[HY093]: Invalid parameter number: number of bound variables does not match number of tokens in C:\xampp\htdocs\MaBagnole\classes\Vehicle.php:107
Stack trace:
#0 C:\xampp\htdocs\MaBagnole\classes\Vehicle.php(107): PDOStatement->execute(Array)
#1 C:\xampp\htdocs\MaBagnole\public\vehiculeListing.php(32): Vehicle::filter(Array)
#2 {main}
  thrown in C:\xampp\htdocs\MaBagnole\classes\Vehicle.php on line 107
[03-Jan-2026 12:31:35 Europe/Berlin] PHP Fatal error:  Uncaught PDOException: SQLSTATE[HY093]: Invalid parameter number: number of bound variables does not match number of tokens in C:\xampp\htdocs\MaBagnole\classes\Vehicle.php:107
Stack trace:
#0 C:\xampp\htdocs\MaBagnole\classes\Vehicle.php(107): PDOStatement->execute(Array)
#1 C:\xampp\htdocs\MaBagnole\public\vehiculeListing.php(32): Vehicle::filter(Array)
#2 {main}
  thrown in C:\xampp\htdocs\MaBagnole\classes\Vehicle.php on line 107
[03-Jan-2026 12:31:37 Europe/Berlin] PHP Fatal error:  Uncaught PDOException: SQLSTATE[HY093]: Invalid parameter number: number of bound variables does not match number of tokens in C:\xampp\htdocs\MaBagnole\classes\Vehicle.php:107
Stack trace:
#0 C:\xampp\htdocs\MaBagnole\classes\Vehicle.php(107): PDOStatement->execute(Array)
#1 C:\xampp\htdocs\MaBagnole\public\vehiculeListing.php(32): Vehicle::filter(Array)
#2 {main}
  thrown in C:\xampp\htdocs\MaBagnole\classes\Vehicle.php on line 107
[03-Jan-2026 12:31:42 Europe/Berlin] PHP Fatal error:  Uncaught PDOException: SQLSTATE[HY093]: Invalid parameter number: number of bound variables does not match number of tokens in C:\xampp\htdocs\MaBagnole\classes\Vehicle.php:107
Stack trace:
#0 C:\xampp\htdocs\MaBagnole\classes\Vehicle.php(107): PDOStatement->execute(Array)
#1 C:\xampp\htdocs\MaBagnole\public\vehiculeListing.php(32): Vehicle::filter(Array)
#2 {main}
  thrown in C:\xampp\htdocs\MaBagnole\classes\Vehicle.php on line 107
[03-Jan-2026 12:32:21 Europe/Berlin] PHP Notice:  session_start(): Ignoring session_start() because a session is already active in C:\xampp\htdocs\MaBagnole\includes\header.php on line 2
[03-Jan-2026 12:32:26 Europe/Berlin] PHP Fatal error:  Uncaught PDOException: SQLSTATE[HY093]: Invalid parameter number: number of bound variables does not match number of tokens in C:\xampp\htdocs\MaBagnole\classes\Vehicle.php:108
Stack trace:
#0 C:\xampp\htdocs\MaBagnole\classes\Vehicle.php(108): PDOStatement->execute(Array)
#1 C:\xampp\htdocs\MaBagnole\public\vehiculeListing.php(32): Vehicle::filter(Array)
#2 {main}
  thrown in C:\xampp\htdocs\MaBagnole\classes\Vehicle.php on line 108
[03-Jan-2026 12:33:19 Europe/Berlin] PHP Notice:  session_start(): Ignoring session_start() because a session is already active in C:\xampp\htdocs\MaBagnole\includes\header.php on line 2
[03-Jan-2026 12:33:37 Europe/Berlin] PHP Notice:  session_start(): Ignoring session_start() because a session is already active in C:\xampp\htdocs\MaBagnole\includes\header.php on line 2
[03-Jan-2026 12:38:27 Europe/Berlin] PHP Notice:  session_start(): Ignoring session_start() because a session is already active in C:\xampp\htdocs\MaBagnole\includes\header.php on line 2
[03-Jan-2026 12:38:43 Europe/Berlin] PHP Notice:  session_start(): Ignoring session_start() because a session is already active in C:\xampp\htdocs\MaBagnole\includes\header.php on line 2
[03-Jan-2026 12:41:32 Europe/Berlin] PHP Notice:  session_start(): Ignoring session_start() because a session is already active in C:\xampp\htdocs\MaBagnole\includes\header.php on line 2
[03-Jan-2026 12:41:40 Europe/Berlin] PHP Notice:  session_start(): Ignoring session_start() because a session is already active in C:\xampp\htdocs\MaBagnole\includes\header.php on line 2
[03-Jan-2026 12:42:10 Europe/Berlin] PHP Notice:  session_start(): Ignoring session_start() because a session is already active in C:\xampp\htdocs\MaBagnole\includes\header.php on line 2
[03-Jan-2026 12:42:31 Europe/Berlin] PHP Notice:  session_start(): Ignoring session_start() because a session is already active in C:\xampp\htdocs\MaBagnole\includes\header.php on line 2
[03-Jan-2026 12:42:31 Europe/Berlin] PHP Notice:  session_start(): Ignoring session_start() because a session is already active in C:\xampp\htdocs\MaBagnole\includes\header.php on line 2
[03-Jan-2026 12:42:31 Europe/Berlin] PHP Notice:  session_start(): Ignoring session_start() because a session is already active in C:\xampp\htdocs\MaBagnole\includes\header.php on line 2
[03-Jan-2026 12:49:52 Europe/Berlin] PHP Notice:  session_start(): Ignoring session_start() because a session is already active in C:\xampp\htdocs\MaBagnole\includes\header.php on line 2
[03-Jan-2026 12:52:29 Europe/Berlin] PHP Notice:  session_start(): Ignoring session_start() because a session is already active in C:\xampp\htdocs\MaBagnole\includes\header.php on line 2
[03-Jan-2026 12:52:29 Europe/Berlin] PHP Notice:  session_start(): Ignoring session_start() because a session is already active in C:\xampp\htdocs\MaBagnole\includes\header.php on line 2
[03-Jan-2026 12:52:32 Europe/Berlin] PHP Notice:  session_start(): Ignoring session_start() because a session is already active in C:\xampp\htdocs\MaBagnole\includes\header.php on line 2
[03-Jan-2026 13:01:30 Europe/Berlin] PHP Notice:  session_start(): Ignoring session_start() because a session is already active in C:\xampp\htdocs\MaBagnole\includes\header.php on line 2
[03-Jan-2026 13:01:34 Europe/Berlin] PHP Notice:  session_start(): Ignoring session_start() because a session is already active in C:\xampp\htdocs\MaBagnole\includes\header.php on line 2
[03-Jan-2026 13:05:52 Europe/Berlin] PHP Notice:  session_start(): Ignoring session_start() because a session is already active in C:\xampp\htdocs\MaBagnole\includes\header.php on line 2
[03-Jan-2026 13:05:56 Europe/Berlin] PHP Notice:  session_start(): Ignoring session_start() because a session is already active in C:\xampp\htdocs\MaBagnole\includes\header.php on line 2
[03-Jan-2026 13:08:04 Europe/Berlin] PHP Notice:  session_start(): Ignoring session_start() because a session is already active in C:\xampp\htdocs\MaBagnole\includes\header.php on line 2
[03-Jan-2026 13:08:09 Europe/Berlin] PHP Notice:  session_start(): Ignoring session_start() because a session is already active in C:\xampp\htdocs\MaBagnole\includes\header.php on line 2
[03-Jan-2026 13:10:22 Europe/Berlin] PHP Notice:  session_start(): Ignoring session_start() because a session is already active in C:\xampp\htdocs\MaBagnole\includes\header.php on line 2
[03-Jan-2026 13:10:22 Europe/Berlin] PHP Notice:  session_start(): Ignoring session_start() because a session is already active in C:\xampp\htdocs\MaBagnole\includes\header.php on line 2
[03-Jan-2026 13:10:28 Europe/Berlin] PHP Notice:  session_start(): Ignoring session_start() because a session is already active in C:\xampp\htdocs\MaBagnole\includes\header.php on line 2
[03-Jan-2026 13:13:13 Europe/Berlin] PHP Notice:  session_start(): Ignoring session_start() because a session is already active in C:\xampp\htdocs\MaBagnole\includes\header.php on line 2
[03-Jan-2026 13:13:13 Europe/Berlin] PHP Notice:  session_start(): Ignoring session_start() because a session is already active in C:\xampp\htdocs\MaBagnole\includes\header.php on line 2
[03-Jan-2026 13:13:26 Europe/Berlin] PHP Notice:  session_start(): Ignoring session_start() because a session is already active in C:\xampp\htdocs\MaBagnole\includes\header.php on line 2
[03-Jan-2026 13:13:27 Europe/Berlin] PHP Notice:  session_start(): Ignoring session_start() because a session is already active in C:\xampp\htdocs\MaBagnole\includes\header.php on line 2
[03-Jan-2026 13:15:29 Europe/Berlin] PHP Notice:  session_start(): Ignoring session_start() because a session is already active in C:\xampp\htdocs\MaBagnole\includes\header.php on line 2
[03-Jan-2026 13:15:36 Europe/Berlin] PHP Notice:  session_start(): Ignoring session_start() because a session is already active in C:\xampp\htdocs\MaBagnole\includes\header.php on line 2
[03-Jan-2026 13:15:43 Europe/Berlin] PHP Notice:  session_start(): Ignoring session_start() because a session is already active in C:\xampp\htdocs\MaBagnole\includes\header.php on line 2
[03-Jan-2026 13:52:01 Europe/Berlin] PHP Notice:  session_start(): Ignoring session_start() because a session is already active in C:\xampp\htdocs\MaBagnole\includes\header.php on line 2
[03-Jan-2026 14:04:13 Europe/Berlin] PHP Notice:  session_start(): Ignoring session_start() because a session is already active in C:\xampp\htdocs\MaBagnole\includes\header.php on line 2
[03-Jan-2026 14:04:56 Europe/Berlin] PHP Notice:  session_start(): Ignoring session_start() because a session is already active in C:\xampp\htdocs\MaBagnole\includes\header.php on line 2
[03-Jan-2026 14:23:40 Europe/Berlin] PHP Notice:  session_start(): Ignoring session_start() because a session is already active in C:\xampp\htdocs\MaBagnole\includes\header.php on line 2
[03-Jan-2026 14:23:44 Europe/Berlin] PHP Notice:  session_start(): Ignoring session_start() because a session is already active in C:\xampp\htdocs\MaBagnole\includes\header.php on line 2
[03-Jan-2026 14:30:01 Europe/Berlin] PHP Warning:  include(../includes/check_auth.php): Failed to open stream: No such file or directory in C:\xampp\htdocs\MaBagnole\client\reservations.php on line 12
[03-Jan-2026 14:30:01 Europe/Berlin] PHP Warning:  include(): Failed opening '../includes/check_auth.php' for inclusion (include_path='C:\xampp\php\PEAR') in C:\xampp\htdocs\MaBagnole\client\reservations.php on line 12
[03-Jan-2026 14:40:32 Europe/Berlin] PHP Notice:  session_start(): Ignoring session_start() because a session is already active in C:\xampp\htdocs\MaBagnole\includes\header.php on line 2
[03-Jan-2026 14:40:32 Europe/Berlin] PHP Notice:  session_start(): Ignoring session_start() because a session is already active in C:\xampp\htdocs\MaBagnole\includes\header.php on line 2
[03-Jan-2026 14:40:32 Europe/Berlin] PHP Notice:  session_start(): Ignoring session_start() because a session is already active in C:\xampp\htdocs\MaBagnole\includes\header.php on line 2
[03-Jan-2026 14:40:34 Europe/Berlin] PHP Fatal error:  Uncaught Error: Class "Reservation" not found in C:\xampp\htdocs\MaBagnole\client\reservations.php:28
Stack trace:
#0 {main}
  thrown in C:\xampp\htdocs\MaBagnole\client\reservations.php on line 28
[03-Jan-2026 14:41:08 Europe/Berlin] Error in Reservation::getUserReservations(): SQLSTATE[42S02]: Base table or view not found: 1146 Table 'ma_bagnole.vehicule' doesn't exist
[03-Jan-2026 14:41:08 Europe/Berlin] PHP Notice:  session_start(): Ignoring session_start() because a session is already active in C:\xampp\htdocs\MaBagnole\includes\header.php on line 2
[03-Jan-2026 14:42:39 Europe/Berlin] PHP Notice:  session_start(): Ignoring session_start() because a session is already active in C:\xampp\htdocs\MaBagnole\includes\header.php on line 2
[03-Jan-2026 14:42:39 Europe/Berlin] PHP Fatal error:  Uncaught Error: Cannot use object of type Reservation as array in C:\xampp\htdocs\MaBagnole\client\reservations.php:191
Stack trace:
#0 {main}
  thrown in C:\xampp\htdocs\MaBagnole\client\reservations.php on line 191
[03-Jan-2026 14:44:33 Europe/Berlin] PHP Notice:  session_start(): Ignoring session_start() because a session is already active in C:\xampp\htdocs\MaBagnole\includes\header.php on line 2
[03-Jan-2026 14:44:33 Europe/Berlin] PHP Fatal error:  Uncaught Error: Cannot use object of type Reservation as array in C:\xampp\htdocs\MaBagnole\client\reservations.php:182
Stack trace:
#0 {main}
  thrown in C:\xampp\htdocs\MaBagnole\client\reservations.php on line 182
[03-Jan-2026 14:45:57 Europe/Berlin] PHP Notice:  session_start(): Ignoring session_start() because a session is already active in C:\xampp\htdocs\MaBagnole\includes\header.php on line 2
[03-Jan-2026 14:45:57 Europe/Berlin] PHP Fatal error:  Uncaught Error: Cannot use object of type Reservation as array in C:\xampp\htdocs\MaBagnole\client\reservations.php:179
Stack trace:
#0 {main}
  thrown in C:\xampp\htdocs\MaBagnole\client\reservations.php on line 179
[03-Jan-2026 14:45:58 Europe/Berlin] PHP Notice:  session_start(): Ignoring session_start() because a session is already active in C:\xampp\htdocs\MaBagnole\includes\header.php on line 2
[03-Jan-2026 14:45:58 Europe/Berlin] PHP Fatal error:  Uncaught Error: Cannot use object of type Reservation as array in C:\xampp\htdocs\MaBagnole\client\reservations.php:179
Stack trace:
#0 {main}
  thrown in C:\xampp\htdocs\MaBagnole\client\reservations.php on line 179
[03-Jan-2026 14:45:58 Europe/Berlin] PHP Notice:  session_start(): Ignoring session_start() because a session is already active in C:\xampp\htdocs\MaBagnole\includes\header.php on line 2
[03-Jan-2026 14:45:58 Europe/Berlin] PHP Fatal error:  Uncaught Error: Cannot use object of type Reservation as array in C:\xampp\htdocs\MaBagnole\client\reservations.php:179
Stack trace:
#0 {main}
  thrown in C:\xampp\htdocs\MaBagnole\client\reservations.php on line 179
[03-Jan-2026 14:47:31 Europe/Berlin] PHP Notice:  session_start(): Ignoring session_start() because a session is already active in C:\xampp\htdocs\MaBagnole\includes\header.php on line 2
[03-Jan-2026 14:48:21 Europe/Berlin] PHP Notice:  session_start(): Ignoring session_start() because a session is already active in C:\xampp\htdocs\MaBagnole\includes\header.php on line 2
[03-Jan-2026 14:48:38 Europe/Berlin] PHP Notice:  session_start(): Ignoring session_start() because a session is already active in C:\xampp\htdocs\MaBagnole\includes\header.php on line 2
[03-Jan-2026 14:49:18 Europe/Berlin] PHP Notice:  session_start(): Ignoring session_start() because a session is already active in C:\xampp\htdocs\MaBagnole\includes\header.php on line 2
[03-Jan-2026 15:04:15 Europe/Berlin] PHP Notice:  session_start(): Ignoring session_start() because a session is already active in C:\xampp\htdocs\MaBagnole\includes\header.php on line 2
[03-Jan-2026 15:04:29 Europe/Berlin] PHP Warning:  include(../includes/check_auth.php): Failed to open stream: No such file or directory in C:\xampp\htdocs\MaBagnole\client\profile.php on line 11
[03-Jan-2026 15:04:29 Europe/Berlin] PHP Warning:  include(): Failed opening '../includes/check_auth.php' for inclusion (include_path='C:\xampp\php\PEAR') in C:\xampp\htdocs\MaBagnole\client\profile.php on line 11
[03-Jan-2026 15:04:29 Europe/Berlin] PHP Fatal error:  Uncaught Error: Class "Utilisateur" not found in C:\xampp\htdocs\MaBagnole\client\profile.php:29
Stack trace:
#0 {main}
  thrown in C:\xampp\htdocs\MaBagnole\client\profile.php on line 29
[03-Jan-2026 15:04:49 Europe/Berlin] PHP Warning:  include(../includes/check_auth.php): Failed to open stream: No such file or directory in C:\xampp\htdocs\MaBagnole\client\profile.php on line 11
[03-Jan-2026 15:04:49 Europe/Berlin] PHP Warning:  include(): Failed opening '../includes/check_auth.php' for inclusion (include_path='C:\xampp\php\PEAR') in C:\xampp\htdocs\MaBagnole\client\profile.php on line 11
[03-Jan-2026 15:04:49 Europe/Berlin] PHP Fatal error:  Uncaught Error: Class "Utilisateur" not found in C:\xampp\htdocs\MaBagnole\client\profile.php:29
Stack trace:
#0 {main}
  thrown in C:\xampp\htdocs\MaBagnole\client\profile.php on line 29
[03-Jan-2026 15:04:50 Europe/Berlin] PHP Warning:  include(../includes/check_auth.php): Failed to open stream: No such file or directory in C:\xampp\htdocs\MaBagnole\client\profile.php on line 11
[03-Jan-2026 15:04:50 Europe/Berlin] PHP Warning:  include(): Failed opening '../includes/check_auth.php' for inclusion (include_path='C:\xampp\php\PEAR') in C:\xampp\htdocs\MaBagnole\client\profile.php on line 11
[03-Jan-2026 15:04:50 Europe/Berlin] PHP Fatal error:  Uncaught Error: Class "Utilisateur" not found in C:\xampp\htdocs\MaBagnole\client\profile.php:29
Stack trace:
#0 {main}
  thrown in C:\xampp\htdocs\MaBagnole\client\profile.php on line 29
[03-Jan-2026 15:04:51 Europe/Berlin] PHP Warning:  include(../includes/check_auth.php): Failed to open stream: No such file or directory in C:\xampp\htdocs\MaBagnole\client\profile.php on line 11
[03-Jan-2026 15:04:51 Europe/Berlin] PHP Warning:  include(): Failed opening '../includes/check_auth.php' for inclusion (include_path='C:\xampp\php\PEAR') in C:\xampp\htdocs\MaBagnole\client\profile.php on line 11
[03-Jan-2026 15:04:51 Europe/Berlin] PHP Fatal error:  Uncaught Error: Class "Utilisateur" not found in C:\xampp\htdocs\MaBagnole\client\profile.php:29
Stack trace:
#0 {main}
  thrown in C:\xampp\htdocs\MaBagnole\client\profile.php on line 29
[03-Jan-2026 15:04:51 Europe/Berlin] PHP Warning:  include(../includes/check_auth.php): Failed to open stream: No such file or directory in C:\xampp\htdocs\MaBagnole\client\profile.php on line 11
[03-Jan-2026 15:04:51 Europe/Berlin] PHP Warning:  include(): Failed opening '../includes/check_auth.php' for inclusion (include_path='C:\xampp\php\PEAR') in C:\xampp\htdocs\MaBagnole\client\profile.php on line 11
[03-Jan-2026 15:04:51 Europe/Berlin] PHP Fatal error:  Uncaught Error: Class "Utilisateur" not found in C:\xampp\htdocs\MaBagnole\client\profile.php:29
Stack trace:
#0 {main}
  thrown in C:\xampp\htdocs\MaBagnole\client\profile.php on line 29
[03-Jan-2026 15:05:10 Europe/Berlin] PHP Warning:  include(../includes/check_auth.php): Failed to open stream: No such file or directory in C:\xampp\htdocs\MaBagnole\client\profile.php on line 11
[03-Jan-2026 15:05:10 Europe/Berlin] PHP Warning:  include(): Failed opening '../includes/check_auth.php' for inclusion (include_path='C:\xampp\php\PEAR') in C:\xampp\htdocs\MaBagnole\client\profile.php on line 11
[03-Jan-2026 15:05:11 Europe/Berlin] PHP Fatal error:  Uncaught Error: Class "Utilisateur" not found in C:\xampp\htdocs\MaBagnole\client\profile.php:29
Stack trace:
#0 {main}
  thrown in C:\xampp\htdocs\MaBagnole\client\profile.php on line 29
[03-Jan-2026 15:05:13 Europe/Berlin] PHP Warning:  include(../includes/check_auth.php): Failed to open stream: No such file or directory in C:\xampp\htdocs\MaBagnole\client\profile.php on line 11
[03-Jan-2026 15:05:13 Europe/Berlin] PHP Warning:  include(): Failed opening '../includes/check_auth.php' for inclusion (include_path='C:\xampp\php\PEAR') in C:\xampp\htdocs\MaBagnole\client\profile.php on line 11
[03-Jan-2026 15:05:13 Europe/Berlin] PHP Fatal error:  Uncaught Error: Class "Utilisateur" not found in C:\xampp\htdocs\MaBagnole\client\profile.php:29
Stack trace:
#0 {main}
  thrown in C:\xampp\htdocs\MaBagnole\client\profile.php on line 29
[03-Jan-2026 15:05:14 Europe/Berlin] PHP Warning:  include(../includes/check_auth.php): Failed to open stream: No such file or directory in C:\xampp\htdocs\MaBagnole\client\profile.php on line 11
[03-Jan-2026 15:05:14 Europe/Berlin] PHP Warning:  include(): Failed opening '../includes/check_auth.php' for inclusion (include_path='C:\xampp\php\PEAR') in C:\xampp\htdocs\MaBagnole\client\profile.php on line 11
[03-Jan-2026 15:05:14 Europe/Berlin] PHP Fatal error:  Uncaught Error: Class "Utilisateur" not found in C:\xampp\htdocs\MaBagnole\client\profile.php:29
Stack trace:
#0 {main}
  thrown in C:\xampp\htdocs\MaBagnole\client\profile.php on line 29
[03-Jan-2026 15:05:15 Europe/Berlin] PHP Warning:  include(../includes/check_auth.php): Failed to open stream: No such file or directory in C:\xampp\htdocs\MaBagnole\client\profile.php on line 11
[03-Jan-2026 15:05:15 Europe/Berlin] PHP Warning:  include(): Failed opening '../includes/check_auth.php' for inclusion (include_path='C:\xampp\php\PEAR') in C:\xampp\htdocs\MaBagnole\client\profile.php on line 11
[03-Jan-2026 15:05:15 Europe/Berlin] PHP Fatal error:  Uncaught Error: Class "Utilisateur" not found in C:\xampp\htdocs\MaBagnole\client\profile.php:29
Stack trace:
#0 {main}
  thrown in C:\xampp\htdocs\MaBagnole\client\profile.php on line 29
[03-Jan-2026 15:05:15 Europe/Berlin] PHP Warning:  include(../includes/check_auth.php): Failed to open stream: No such file or directory in C:\xampp\htdocs\MaBagnole\client\profile.php on line 11
[03-Jan-2026 15:05:15 Europe/Berlin] PHP Warning:  include(): Failed opening '../includes/check_auth.php' for inclusion (include_path='C:\xampp\php\PEAR') in C:\xampp\htdocs\MaBagnole\client\profile.php on line 11
[03-Jan-2026 15:05:15 Europe/Berlin] PHP Fatal error:  Uncaught Error: Class "Utilisateur" not found in C:\xampp\htdocs\MaBagnole\client\profile.php:29
Stack trace:
#0 {main}
  thrown in C:\xampp\htdocs\MaBagnole\client\profile.php on line 29
[03-Jan-2026 15:05:16 Europe/Berlin] PHP Warning:  include(../includes/check_auth.php): Failed to open stream: No such file or directory in C:\xampp\htdocs\MaBagnole\client\profile.php on line 11
[03-Jan-2026 15:05:16 Europe/Berlin] PHP Warning:  include(): Failed opening '../includes/check_auth.php' for inclusion (include_path='C:\xampp\php\PEAR') in C:\xampp\htdocs\MaBagnole\client\profile.php on line 11
[03-Jan-2026 15:05:16 Europe/Berlin] PHP Fatal error:  Uncaught Error: Class "Utilisateur" not found in C:\xampp\htdocs\MaBagnole\client\profile.php:29
Stack trace:
#0 {main}
  thrown in C:\xampp\htdocs\MaBagnole\client\profile.php on line 29
[03-Jan-2026 15:05:16 Europe/Berlin] PHP Warning:  include(../includes/check_auth.php): Failed to open stream: No such file or directory in C:\xampp\htdocs\MaBagnole\client\profile.php on line 11
[03-Jan-2026 15:05:16 Europe/Berlin] PHP Warning:  include(): Failed opening '../includes/check_auth.php' for inclusion (include_path='C:\xampp\php\PEAR') in C:\xampp\htdocs\MaBagnole\client\profile.php on line 11
[03-Jan-2026 15:05:16 Europe/Berlin] PHP Fatal error:  Uncaught Error: Class "Utilisateur" not found in C:\xampp\htdocs\MaBagnole\client\profile.php:29
Stack trace:
#0 {main}
  thrown in C:\xampp\htdocs\MaBagnole\client\profile.php on line 29
[03-Jan-2026 15:05:18 Europe/Berlin] PHP Notice:  session_start(): Ignoring session_start() because a session is already active in C:\xampp\htdocs\MaBagnole\includes\header.php on line 2
[03-Jan-2026 15:06:08 Europe/Berlin] PHP Notice:  session_start(): Ignoring session_start() because a session is already active in C:\xampp\htdocs\MaBagnole\includes\header.php on line 2
[03-Jan-2026 15:06:08 Europe/Berlin] PHP Notice:  session_start(): Ignoring session_start() because a session is already active in C:\xampp\htdocs\MaBagnole\includes\header.php on line 2
[03-Jan-2026 15:06:11 Europe/Berlin] PHP Fatal error:  Uncaught Error: Class "Utilisateur" not found in C:\xampp\htdocs\MaBagnole\client\profile.php:25
Stack trace:
#0 {main}
  thrown in C:\xampp\htdocs\MaBagnole\client\profile.php on line 25
[03-Jan-2026 15:06:13 Europe/Berlin] PHP Fatal error:  Uncaught Error: Class "Utilisateur" not found in C:\xampp\htdocs\MaBagnole\client\profile.php:25
Stack trace:
#0 {main}
  thrown in C:\xampp\htdocs\MaBagnole\client\profile.php on line 25
[03-Jan-2026 15:06:13 Europe/Berlin] PHP Fatal error:  Uncaught Error: Class "Utilisateur" not found in C:\xampp\htdocs\MaBagnole\client\profile.php:25
Stack trace:
#0 {main}
  thrown in C:\xampp\htdocs\MaBagnole\client\profile.php on line 25
[03-Jan-2026 15:06:42 Europe/Berlin] PHP Fatal error:  Uncaught Error: Class "Utilisateur" not found in C:\xampp\htdocs\MaBagnole\client\profile.php:25
Stack trace:
#0 {main}
  thrown in C:\xampp\htdocs\MaBagnole\client\profile.php on line 25
[03-Jan-2026 15:07:57 Europe/Berlin] PHP Fatal error:  Cannot declare class DataBase, because the name is already in use in C:\xampp\htdocs\MaBagnole\classes\DataBase.php on line 2
[03-Jan-2026 15:07:58 Europe/Berlin] PHP Fatal error:  Cannot declare class DataBase, because the name is already in use in C:\xampp\htdocs\MaBagnole\classes\DataBase.php on line 2
[03-Jan-2026 15:07:59 Europe/Berlin] PHP Fatal error:  Cannot declare class DataBase, because the name is already in use in C:\xampp\htdocs\MaBagnole\classes\DataBase.php on line 2
[03-Jan-2026 15:07:59 Europe/Berlin] PHP Fatal error:  Cannot declare class DataBase, because the name is already in use in C:\xampp\htdocs\MaBagnole\classes\DataBase.php on line 2
[03-Jan-2026 15:08:19 Europe/Berlin] PHP Notice:  session_start(): Ignoring session_start() because a session is already active in C:\xampp\htdocs\MaBagnole\includes\header.php on line 2
[03-Jan-2026 15:08:19 Europe/Berlin] PHP Fatal error:  Uncaught Error: Access to undeclared static property Avis::$pdo in C:\xampp\htdocs\MaBagnole\classes\Avis.php:23
Stack trace:
#0 C:\xampp\htdocs\MaBagnole\classes\Avis.php(42): Avis::initPDO()
#1 C:\xampp\htdocs\MaBagnole\client\profile.php(354): Avis::getUserReviews('8')
#2 {main}
  thrown in C:\xampp\htdocs\MaBagnole\classes\Avis.php on line 23
[03-Jan-2026 15:08:50 Europe/Berlin] PHP Notice:  session_start(): Ignoring session_start() because a session is already active in C:\xampp\htdocs\MaBagnole\includes\header.php on line 2
[03-Jan-2026 15:08:50 Europe/Berlin] PHP Fatal error:  Uncaught Error: Access to undeclared static property Avis::$pdo in C:\xampp\htdocs\MaBagnole\classes\Avis.php:23
Stack trace:
#0 C:\xampp\htdocs\MaBagnole\classes\Avis.php(42): Avis::initPDO()
#1 C:\xampp\htdocs\MaBagnole\client\profile.php(354): Avis::getUserReviews('8')
#2 {main}
  thrown in C:\xampp\htdocs\MaBagnole\classes\Avis.php on line 23
[03-Jan-2026 23:28:05 Europe/Berlin] PHP Warning:  include(../includes/check_auth.php): Failed to open stream: No such file or directory in C:\xampp\htdocs\MaBagnole\client\reviews.php on line 11
[03-Jan-2026 23:28:05 Europe/Berlin] PHP Warning:  include(): Failed opening '../includes/check_auth.php' for inclusion (include_path='C:\xampp\php\PEAR') in C:\xampp\htdocs\MaBagnole\client\reviews.php on line 11
[03-Jan-2026 23:28:29 Europe/Berlin] PHP Notice:  session_start(): Ignoring session_start() because a session is already active in C:\xampp\htdocs\MaBagnole\includes\header.php on line 2
[03-Jan-2026 23:28:29 Europe/Berlin] PHP Fatal error:  Uncaught Error: Access to undeclared static property Avis::$pdo in C:\xampp\htdocs\MaBagnole\classes\Avis.php:23
Stack trace:
#0 C:\xampp\htdocs\MaBagnole\classes\Avis.php(42): Avis::initPDO()
#1 C:\xampp\htdocs\MaBagnole\client\profile.php(354): Avis::getUserReviews('8')
#2 {main}
  thrown in C:\xampp\htdocs\MaBagnole\classes\Avis.php on line 23
[03-Jan-2026 23:28:31 Europe/Berlin] PHP Notice:  session_start(): Ignoring session_start() because a session is already active in C:\xampp\htdocs\MaBagnole\includes\header.php on line 2
[03-Jan-2026 23:28:51 Europe/Berlin] PHP Warning:  include(../includes/check_auth.php): Failed to open stream: No such file or directory in C:\xampp\htdocs\MaBagnole\client\reviews.php on line 11
[03-Jan-2026 23:28:51 Europe/Berlin] PHP Warning:  include(): Failed opening '../includes/check_auth.php' for inclusion (include_path='C:\xampp\php\PEAR') in C:\xampp\htdocs\MaBagnole\client\reviews.php on line 11
[03-Jan-2026 23:28:51 Europe/Berlin] PHP Notice:  session_start(): Ignoring session_start() because a session is already active in C:\xampp\htdocs\MaBagnole\includes\header.php on line 2
[03-Jan-2026 23:29:36 Europe/Berlin] PHP Warning:  include(../includes/check_auth.php): Failed to open stream: No such file or directory in C:\xampp\htdocs\MaBagnole\client\reviews.php on line 11
[03-Jan-2026 23:29:36 Europe/Berlin] PHP Warning:  include(): Failed opening '../includes/check_auth.php' for inclusion (include_path='C:\xampp\php\PEAR') in C:\xampp\htdocs\MaBagnole\client\reviews.php on line 11
[03-Jan-2026 23:29:36 Europe/Berlin] Error fetching user reviews: SQLSTATE[42S22]: Column not found: 1054 Unknown column 'v.categorie' in 'field list'
[03-Jan-2026 23:29:36 Europe/Berlin] PHP Notice:  session_start(): Ignoring session_start() because a session is already active in C:\xampp\htdocs\MaBagnole\includes\header.php on line 2
[03-Jan-2026 23:39:34 Europe/Berlin] PHP Notice:  session_start(): Ignoring session_start() because a session is already active in C:\xampp\htdocs\MaBagnole\includes\header.php on line 2
[03-Jan-2026 23:39:36 Europe/Berlin] PHP Notice:  session_start(): Ignoring session_start() because a session is already active in C:\xampp\htdocs\MaBagnole\includes\header.php on line 2
[03-Jan-2026 23:40:44 Europe/Berlin] PHP Notice:  session_start(): Ignoring session_start() because a session is already active in C:\xampp\htdocs\MaBagnole\includes\header.php on line 2
[03-Jan-2026 23:41:51 Europe/Berlin] PHP Notice:  session_start(): Ignoring session_start() because a session is already active in C:\xampp\htdocs\MaBagnole\includes\header.php on line 2
[03-Jan-2026 23:42:08 Europe/Berlin] PHP Notice:  session_start(): Ignoring session_start() because a session is already active in C:\xampp\htdocs\MaBagnole\includes\header.php on line 2
[03-Jan-2026 23:47:33 Europe/Berlin] PHP Notice:  session_start(): Ignoring session_start() because a session is already active in C:\xampp\htdocs\MaBagnole\includes\header.php on line 2
[03-Jan-2026 23:51:50 Europe/Berlin] PHP Notice:  session_start(): Ignoring session_start() because a session is already active in C:\xampp\htdocs\MaBagnole\includes\header.php on line 2
[03-Jan-2026 23:57:47 Europe/Berlin] PHP Notice:  session_start(): Ignoring session_start() because a session is already active in C:\xampp\htdocs\MaBagnole\includes\header.php on line 2
[03-Jan-2026 23:59:29 Europe/Berlin] PHP Notice:  session_start(): Ignoring session_start() because a session is already active in C:\xampp\htdocs\MaBagnole\includes\header.php on line 2
[03-Jan-2026 23:59:40 Europe/Berlin] PHP Notice:  session_start(): Ignoring session_start() because a session is already active in C:\xampp\htdocs\MaBagnole\includes\header.php on line 2
[04-Jan-2026 00:00:25 Europe/Berlin] PHP Notice:  session_start(): Ignoring session_start() because a session is already active in C:\xampp\htdocs\MaBagnole\includes\header.php on line 2
[04-Jan-2026 00:11:33 Europe/Berlin] Error in Review::findByUser(): SQLSTATE[42S22]: Column not found: 1054 Unknown column 'a.date_avis' in 'order clause'
[04-Jan-2026 00:11:33 Europe/Berlin] Error in Review::findByUser(): SQLSTATE[42S22]: Column not found: 1054 Unknown column 'a.date_avis' in 'order clause'
[04-Jan-2026 00:11:33 Europe/Berlin] PHP Notice:  session_start(): Ignoring session_start() because a session is already active in C:\xampp\htdocs\MaBagnole\includes\header.php on line 2
[04-Jan-2026 00:11:43 Europe/Berlin] Error in Review::findByUser(): SQLSTATE[42S22]: Column not found: 1054 Unknown column 'a.date_avis' in 'order clause'
[04-Jan-2026 00:11:43 Europe/Berlin] PHP Warning:  Attempt to read property "marque" on array in C:\xampp\htdocs\MaBagnole\public\detaill-vehicules.php on line 146
[04-Jan-2026 00:11:43 Europe/Berlin] PHP Warning:  Attempt to read property "modele" on array in C:\xampp\htdocs\MaBagnole\public\detaill-vehicules.php on line 146
[04-Jan-2026 00:11:43 Europe/Berlin] Error in Review::findByUser(): SQLSTATE[42S22]: Column not found: 1054 Unknown column 'a.date_avis' in 'order clause'
[04-Jan-2026 00:11:43 Europe/Berlin] Error in Review::findByUser(): SQLSTATE[42S22]: Column not found: 1054 Unknown column 'a.date_avis' in 'order clause'
[04-Jan-2026 00:11:43 Europe/Berlin] PHP Notice:  session_start(): Ignoring session_start() because a session is already active in C:\xampp\htdocs\MaBagnole\includes\header.php on line 2
[04-Jan-2026 00:12:54 Europe/Berlin] Error in Review::findByUser(): SQLSTATE[42S22]: Column not found: 1054 Unknown column 'a.date_avis' in 'order clause'
[04-Jan-2026 00:12:54 Europe/Berlin] PHP Warning:  Attempt to read property "marque" on array in C:\xampp\htdocs\MaBagnole\public\detaill-vehicules.php on line 146
[04-Jan-2026 00:12:54 Europe/Berlin] PHP Warning:  Attempt to read property "modele" on array in C:\xampp\htdocs\MaBagnole\public\detaill-vehicules.php on line 146
[04-Jan-2026 00:12:54 Europe/Berlin] Error in Review::findByUser(): SQLSTATE[42S22]: Column not found: 1054 Unknown column 'a.date_avis' in 'order clause'
[04-Jan-2026 00:12:54 Europe/Berlin] Error in Review::findByUser(): SQLSTATE[42S22]: Column not found: 1054 Unknown column 'a.date_avis' in 'order clause'
[04-Jan-2026 00:12:54 Europe/Berlin] PHP Notice:  session_start(): Ignoring session_start() because a session is already active in C:\xampp\htdocs\MaBagnole\includes\header.php on line 2
[04-Jan-2026 00:18:10 Europe/Berlin] Error in Review::findByUser(): SQLSTATE[42S22]: Column not found: 1054 Unknown column 'a.date_avis' in 'order clause'
[04-Jan-2026 00:18:10 Europe/Berlin] Error in Review::findByUser(): SQLSTATE[42S22]: Column not found: 1054 Unknown column 'a.date_avis' in 'order clause'
[04-Jan-2026 00:18:10 Europe/Berlin] PHP Notice:  session_start(): Ignoring session_start() because a session is already active in C:\xampp\htdocs\MaBagnole\includes\header.php on line 2
[04-Jan-2026 00:18:13 Europe/Berlin] Error in Review::findByUser(): SQLSTATE[42S22]: Column not found: 1054 Unknown column 'a.date_avis' in 'order clause'
[04-Jan-2026 00:18:13 Europe/Berlin] Error in Review::findByUser(): SQLSTATE[42S22]: Column not found: 1054 Unknown column 'a.date_avis' in 'order clause'
[04-Jan-2026 00:18:13 Europe/Berlin] PHP Notice:  session_start(): Ignoring session_start() because a session is already active in C:\xampp\htdocs\MaBagnole\includes\header.php on line 2
[04-Jan-2026 00:18:16 Europe/Berlin] PHP Notice:  session_start(): Ignoring session_start() because a session is already active in C:\xampp\htdocs\MaBagnole\includes\header.php on line 2
[04-Jan-2026 00:18:18 Europe/Berlin] PHP Notice:  session_start(): Ignoring session_start() because a session is already active in C:\xampp\htdocs\MaBagnole\includes\header.php on line 2
[04-Jan-2026 00:18:36 Europe/Berlin] PHP Warning:  Attempt to read property "client_id" on array in C:\xampp\htdocs\MaBagnole\client\reservations.php on line 33
[04-Jan-2026 00:18:36 Europe/Berlin] PHP Notice:  session_start(): Ignoring session_start() because a session is already active in C:\xampp\htdocs\MaBagnole\includes\header.php on line 2
[04-Jan-2026 00:19:17 Europe/Berlin] PHP Notice:  session_start(): Ignoring session_start() because a session is already active in C:\xampp\htdocs\MaBagnole\includes\header.php on line 2
[04-Jan-2026 00:19:34 Europe/Berlin] PHP Notice:  session_start(): Ignoring session_start() because a session is already active in C:\xampp\htdocs\MaBagnole\includes\header.php on line 2
[04-Jan-2026 00:19:34 Europe/Berlin] PHP Notice:  session_start(): Ignoring session_start() because a session is already active in C:\xampp\htdocs\MaBagnole\includes\header.php on line 2
[04-Jan-2026 00:20:44 Europe/Berlin] PHP Notice:  session_start(): Ignoring session_start() because a session is already active in C:\xampp\htdocs\MaBagnole\includes\header.php on line 2
